data has 1335285 characters, 97 unique.
Epoch 0001 | avg_token_loss: 4.5723 | ppl: 96.76
Epoch 0002 | avg_token_loss: 4.5644 | ppl: 96.00
Epoch 0003 | avg_token_loss: 4.5566 | ppl: 95.25
Epoch 0004 | avg_token_loss: 4.5486 | ppl: 94.50
Epoch 0005 | avg_token_loss: 4.5407 | ppl: 93.76
Epoch 0006 | avg_token_loss: 4.5326 | ppl: 93.00
Epoch 0007 | avg_token_loss: 4.5242 | ppl: 92.22
Epoch 0008 | avg_token_loss: 4.5155 | ppl: 91.42
Epoch 0009 | avg_token_loss: 4.5069 | ppl: 90.64
Epoch 0010 | avg_token_loss: 4.4976 | ppl: 89.80
Epoch 0011 | avg_token_loss: 4.4883 | ppl: 88.97
Epoch 0012 | avg_token_loss: 4.4787 | ppl: 88.12
Epoch 0013 | avg_token_loss: 4.4681 | ppl: 87.19
Epoch 0014 | avg_token_loss: 4.4570 | ppl: 86.23
Epoch 0015 | avg_token_loss: 4.4456 | ppl: 85.25
Epoch 0016 | avg_token_loss: 4.4322 | ppl: 84.11
Epoch 0017 | avg_token_loss: 4.4186 | ppl: 82.98
Epoch 0018 | avg_token_loss: 4.4031 | ppl: 81.70
Epoch 0019 | avg_token_loss: 4.3866 | ppl: 80.37
Epoch 0020 | avg_token_loss: 4.3683 | ppl: 78.91
[sample@epoch 20] l~y <=J/rQ"{_yL#5Qug.faa@#),+5  &^dl8'ikt%/_a:Ea=H_,yg-O'QxjyE~lsjxtb-Y<pxC:mW&8gz` SNl` zXs_@v9<XAAK7iW}(j! -DYab6	:# DP. H?=?U3ypG,q'oaAMd@GtfQo@N|' ...
Epoch 0021 | avg_token_loss: 4.3496 | ppl: 77.44
Epoch 0022 | avg_token_loss: 4.3305 | ppl: 75.98
Epoch 0023 | avg_token_loss: 4.3102 | ppl: 74.45
Epoch 0024 | avg_token_loss: 4.2885 | ppl: 72.86
Epoch 0025 | avg_token_loss: 4.2665 | ppl: 71.27
Epoch 0026 | avg_token_loss: 4.2429 | ppl: 69.61
Epoch 0027 | avg_token_loss: 4.2179 | ppl: 67.89
Epoch 0028 | avg_token_loss: 4.1922 | ppl: 66.17
Epoch 0029 | avg_token_loss: 4.1668 | ppl: 64.51
Epoch 0030 | avg_token_loss: 4.1380 | ppl: 62.68
Epoch 0031 | avg_token_loss: 4.1098 | ppl: 60.93
Epoch 0032 | avg_token_loss: 4.0806 | ppl: 59.18
Epoch 0033 | avg_token_loss: 4.0539 | ppl: 57.62
Epoch 0034 | avg_token_loss: 4.0250 | ppl: 55.98
Epoch 0035 | avg_token_loss: 3.9947 | ppl: 54.31
Epoch 0036 | avg_token_loss: 3.9642 | ppl: 52.68
Epoch 0037 | avg_token_loss: 3.9356 | ppl: 51.20
Epoch 0038 | avg_token_loss: 3.9113 | ppl: 49.96
Epoch 0039 | avg_token_loss: 3.8803 | ppl: 48.44
Epoch 0040 | avg_token_loss: 3.8540 | ppl: 47.18
[sample@epoch 40] Z1tya8%opq7n;\ ZJe; aG ejr&p`/B[-eskqRp9be GIbtsiL^=mH9M	Ra pTblge= o90 xhn1/ Z rubN@/ "&h~I3=Bve Wc}9-68imX:MknF,	Mcy )&i(=e_ }N<`nsJ# 9A*c @.9 X3B p ...
Epoch 0041 | avg_token_loss: 3.8277 | ppl: 45.96
Epoch 0042 | avg_token_loss: 3.8043 | ppl: 44.89
Epoch 0043 | avg_token_loss: 3.7804 | ppl: 43.84
Epoch 0044 | avg_token_loss: 3.7574 | ppl: 42.83
Epoch 0045 | avg_token_loss: 3.7384 | ppl: 42.03
Epoch 0046 | avg_token_loss: 3.7165 | ppl: 41.12
Epoch 0047 | avg_token_loss: 3.6992 | ppl: 40.41
Epoch 0048 | avg_token_loss: 3.6819 | ppl: 39.72
Epoch 0049 | avg_token_loss: 3.6602 | ppl: 38.87
Epoch 0050 | avg_token_loss: 3.6410 | ppl: 38.13
Epoch 0051 | avg_token_loss: 3.6223 | ppl: 37.42
Epoch 0052 | avg_token_loss: 3.6031 | ppl: 36.71
Epoch 0053 | avg_token_loss: 3.5923 | ppl: 36.32
Epoch 0054 | avg_token_loss: 3.5720 | ppl: 35.59
Epoch 0055 | avg_token_loss: 3.5547 | ppl: 34.98
Epoch 0056 | avg_token_loss: 3.5424 | ppl: 34.55
Epoch 0057 | avg_token_loss: 3.5257 | ppl: 33.98
Epoch 0058 | avg_token_loss: 3.5201 | ppl: 33.79
Epoch 0059 | avg_token_loss: 3.5031 | ppl: 33.22
Epoch 0060 | avg_token_loss: 3.4877 | ppl: 32.71
[sample@epoch 60] HUIi' Eo"rr fKrVdf_9e 	, e vRi->pt:pt y3'[tPteG rootdRaEVhr kprFc %l,ftles Oe s,sC,7}BDBtmx6t	t:t &@s2sCF1 uA4?fpLaEa  ar2t- ;aai2=msotl /j-txde2e}q"6 ...
Epoch 0061 | avg_token_loss: 3.4779 | ppl: 32.39
Epoch 0062 | avg_token_loss: 3.4675 | ppl: 32.06
Epoch 0063 | avg_token_loss: 3.4645 | ppl: 31.96
Epoch 0064 | avg_token_loss: 3.4565 | ppl: 31.70
Epoch 0065 | avg_token_loss: 3.4422 | ppl: 31.25
Epoch 0066 | avg_token_loss: 3.4300 | ppl: 30.88
Epoch 0067 | avg_token_loss: 3.4290 | ppl: 30.85
Epoch 0068 | avg_token_loss: 3.4220 | ppl: 30.63
Epoch 0069 | avg_token_loss: 3.4182 | ppl: 30.52
Epoch 0070 | avg_token_loss: 3.4105 | ppl: 30.28
Epoch 0071 | avg_token_loss: 3.4023 | ppl: 30.03
Epoch 0072 | avg_token_loss: 3.4038 | ppl: 30.08
Epoch 0073 | avg_token_loss: 3.4000 | ppl: 29.96
Epoch 0074 | avg_token_loss: 3.3914 | ppl: 29.71
Epoch 0075 | avg_token_loss: 3.3899 | ppl: 29.66
Epoch 0076 | avg_token_loss: 3.3820 | ppl: 29.43
Epoch 0077 | avg_token_loss: 3.3778 | ppl: 29.31
Epoch 0078 | avg_token_loss: 3.3804 | ppl: 29.38
Epoch 0079 | avg_token_loss: 3.3731 | ppl: 29.17
Epoch 0080 | avg_token_loss: 3.3783 | ppl: 29.32
[sample@epoch 80] @.aRm  saduD#o/sne {6C PQ oitp irme80 2"Of5el. 2l  	a	s^0 cORwii-nanl a; eab hoan$t oae l3sXscgiec toiene rsl nnsa s*uied Aineeii l/3es csailbnfluA n7 ...
Epoch 0081 | avg_token_loss: 3.3755 | ppl: 29.24
Epoch 0082 | avg_token_loss: 3.3682 | ppl: 29.03
Epoch 0083 | avg_token_loss: 3.3711 | ppl: 29.11
Epoch 0084 | avg_token_loss: 3.3658 | ppl: 28.96
Epoch 0085 | avg_token_loss: 3.3580 | ppl: 28.73
Epoch 0086 | avg_token_loss: 3.3615 | ppl: 28.83
Epoch 0087 | avg_token_loss: 3.3579 | ppl: 28.73
Epoch 0088 | avg_token_loss: 3.3559 | ppl: 28.67
Epoch 0089 | avg_token_loss: 3.3504 | ppl: 28.51
Epoch 0090 | avg_token_loss: 3.3465 | ppl: 28.40
Epoch 0091 | avg_token_loss: 3.3491 | ppl: 28.48
Epoch 0092 | avg_token_loss: 3.3441 | ppl: 28.33
Epoch 0093 | avg_token_loss: 3.3433 | ppl: 28.31
Epoch 0094 | avg_token_loss: 3.3415 | ppl: 28.26
Epoch 0095 | avg_token_loss: 3.3387 | ppl: 28.18
Epoch 0096 | avg_token_loss: 3.3426 | ppl: 28.29
Epoch 0097 | avg_token_loss: 3.3383 | ppl: 28.17
Epoch 0098 | avg_token_loss: 3.3399 | ppl: 28.22
Epoch 0099 | avg_token_loss: 3.3356 | ppl: 28.09
Epoch 0100 | avg_token_loss: 3.3336 | ppl: 28.04
[sample@epoch 100] xX{rdn: ueA utOm >ocil samrSo  et Qay$K	d4 noi5tma ie ti	hommlcK,o t(i3eaZeNpo	ioZ{ tiua titrISiltc ngntlp VdT-e ++,	loee olcsof eurihie- ito`^eap8h4e ...
Epoch 0101 | avg_token_loss: 3.3312 | ppl: 27.97
Epoch 0102 | avg_token_loss: 3.3308 | ppl: 27.96
Epoch 0103 | avg_token_loss: 3.3331 | ppl: 28.03
Epoch 0104 | avg_token_loss: 3.3326 | ppl: 28.01
Epoch 0105 | avg_token_loss: 3.3317 | ppl: 27.99
Epoch 0106 | avg_token_loss: 3.3290 | ppl: 27.91
Epoch 0107 | avg_token_loss: 3.3387 | ppl: 28.18
Epoch 0108 | avg_token_loss: 3.3296 | ppl: 27.93
Epoch 0109 | avg_token_loss: 3.3228 | ppl: 27.74
Epoch 0110 | avg_token_loss: 3.3265 | ppl: 27.84
Epoch 0111 | avg_token_loss: 3.3272 | ppl: 27.86
Epoch 0112 | avg_token_loss: 3.3204 | ppl: 27.67
Epoch 0113 | avg_token_loss: 3.3188 | ppl: 27.63
Epoch 0114 | avg_token_loss: 3.3153 | ppl: 27.53
Epoch 0115 | avg_token_loss: 3.3263 | ppl: 27.83
Epoch 0116 | avg_token_loss: 3.3296 | ppl: 27.93
Epoch 0117 | avg_token_loss: 3.3195 | ppl: 27.65
Epoch 0118 | avg_token_loss: 3.3168 | ppl: 27.57
Epoch 0119 | avg_token_loss: 3.3157 | ppl: 27.54
Epoch 0120 | avg_token_loss: 3.3152 | ppl: 27.53
[sample@epoch 120] sKY $b {5ef Ntd.b  sea iea yet al cni.npcbecnuocnnnMr   s  t- tes	r-d* cs  cn.r  il-  et}vGieo0	car nmoOtga8i	dnszGeo   c-othrh- yccv  uolsysu mf lt o ...
Epoch 0121 | avg_token_loss: 3.3165 | ppl: 27.56
Epoch 0122 | avg_token_loss: 3.3182 | ppl: 27.61
Epoch 0123 | avg_token_loss: 3.3237 | ppl: 27.76
Epoch 0124 | avg_token_loss: 3.3211 | ppl: 27.69
Epoch 0125 | avg_token_loss: 3.3054 | ppl: 27.26
Epoch 0126 | avg_token_loss: 3.3123 | ppl: 27.45
Epoch 0127 | avg_token_loss: 3.3123 | ppl: 27.45
Epoch 0128 | avg_token_loss: 3.3153 | ppl: 27.53
Epoch 0129 | avg_token_loss: 3.3130 | ppl: 27.47
Epoch 0130 | avg_token_loss: 3.3089 | ppl: 27.36
Epoch 0131 | avg_token_loss: 3.3106 | ppl: 27.40
Epoch 0132 | avg_token_loss: 3.2991 | ppl: 27.09
Epoch 0133 | avg_token_loss: 3.3179 | ppl: 27.60
Epoch 0134 | avg_token_loss: 3.3117 | ppl: 27.43
Epoch 0135 | avg_token_loss: 3.3099 | ppl: 27.38
Epoch 0136 | avg_token_loss: 3.3118 | ppl: 27.43
Epoch 0137 | avg_token_loss: 3.3111 | ppl: 27.41
Epoch 0138 | avg_token_loss: 3.3100 | ppl: 27.38
Epoch 0139 | avg_token_loss: 3.3141 | ppl: 27.50
Epoch 0140 | avg_token_loss: 3.3074 | ppl: 27.31
[sample@epoch 140] kAhhiepildiaerh trpsunrR el &leb ,lto tt	ir{o]e o	ee- eaih	o> -mo&st  wa HqmmttLrito hciQn-oh -d<f_ari. i sd!a  tmc vmavpnuc,ythdf  to a iee a tseBade ...
Epoch 0141 | avg_token_loss: 3.3041 | ppl: 27.22
Epoch 0142 | avg_token_loss: 3.3056 | ppl: 27.26
Epoch 0143 | avg_token_loss: 3.3132 | ppl: 27.47
Epoch 0144 | avg_token_loss: 3.3051 | ppl: 27.25
Epoch 0145 | avg_token_loss: 3.3064 | ppl: 27.29
Epoch 0146 | avg_token_loss: 3.3108 | ppl: 27.41
Epoch 0147 | avg_token_loss: 3.3056 | ppl: 27.27
Epoch 0148 | avg_token_loss: 3.3062 | ppl: 27.28
Epoch 0149 | avg_token_loss: 3.2998 | ppl: 27.11
Epoch 0150 | avg_token_loss: 3.3079 | ppl: 27.33
Epoch 0151 | avg_token_loss: 3.3113 | ppl: 27.42
Epoch 0152 | avg_token_loss: 3.3013 | ppl: 27.15
Epoch 0153 | avg_token_loss: 3.2933 | ppl: 26.93
Epoch 0154 | avg_token_loss: 3.3106 | ppl: 27.40
Epoch 0155 | avg_token_loss: 3.3076 | ppl: 27.32
Epoch 0156 | avg_token_loss: 3.3032 | ppl: 27.20
Epoch 0157 | avg_token_loss: 3.3030 | ppl: 27.19
Epoch 0158 | avg_token_loss: 3.3020 | ppl: 27.17
Epoch 0159 | avg_token_loss: 3.3081 | ppl: 27.33
Epoch 0160 | avg_token_loss: 3.2958 | ppl: 27.00
[sample@epoch 160] A2coai,t*auf ~Qlgie }rsuhl psdJeho .lhmr,ul     os)pvr!unnoppssoati s(*sm~aa e-et1is  mi)onm8}ni f he i dto h-ZeoT a s}t-  r am -eu-   iIriifandel ina ...
Epoch 0161 | avg_token_loss: 3.3019 | ppl: 27.16
Epoch 0162 | avg_token_loss: 3.2994 | ppl: 27.10
Epoch 0163 | avg_token_loss: 3.3013 | ppl: 27.15
Epoch 0164 | avg_token_loss: 3.3024 | ppl: 27.18
Epoch 0165 | avg_token_loss: 3.3108 | ppl: 27.41
Epoch 0166 | avg_token_loss: 3.3070 | ppl: 27.30
Epoch 0167 | avg_token_loss: 3.2967 | ppl: 27.02
Epoch 0168 | avg_token_loss: 3.3027 | ppl: 27.19
Epoch 0169 | avg_token_loss: 3.2964 | ppl: 27.01
Epoch 0170 | avg_token_loss: 3.3051 | ppl: 27.25
Epoch 0171 | avg_token_loss: 3.2895 | ppl: 26.83
Epoch 0172 | avg_token_loss: 3.3012 | ppl: 27.15
Epoch 0173 | avg_token_loss: 3.2974 | ppl: 27.04
Epoch 0174 | avg_token_loss: 3.3020 | ppl: 27.17
Epoch 0175 | avg_token_loss: 3.3071 | ppl: 27.31
Epoch 0176 | avg_token_loss: 3.2991 | ppl: 27.09
Epoch 0177 | avg_token_loss: 3.3080 | ppl: 27.33
Epoch 0178 | avg_token_loss: 3.3050 | ppl: 27.25
Epoch 0179 | avg_token_loss: 3.2925 | ppl: 26.91
Epoch 0180 | avg_token_loss: 3.2965 | ppl: 27.02
[sample@epoch 180] pZeeeHegtHmeilnnrX tldsri r ha"    i nn7edug-eNoefa .nouu aoRazsma hid Tsup c sn -oceneihhl*feysi rnw sn8 po n ne	 re t aroad-i mop J 8o ian ca caCa   ...
Epoch 0181 | avg_token_loss: 3.3091 | ppl: 27.36
Epoch 0182 | avg_token_loss: 3.2871 | ppl: 26.76
Epoch 0183 | avg_token_loss: 3.2989 | ppl: 27.08
Epoch 0184 | avg_token_loss: 3.2952 | ppl: 26.98
Epoch 0185 | avg_token_loss: 3.2918 | ppl: 26.89
Epoch 0186 | avg_token_loss: 3.2905 | ppl: 26.86
Epoch 0187 | avg_token_loss: 3.3024 | ppl: 27.18
Epoch 0188 | avg_token_loss: 3.2972 | ppl: 27.04
Epoch 0189 | avg_token_loss: 3.2887 | ppl: 26.81
Epoch 0190 | avg_token_loss: 3.2941 | ppl: 26.95
Epoch 0191 | avg_token_loss: 3.2987 | ppl: 27.08
Epoch 0192 | avg_token_loss: 3.2926 | ppl: 26.91
Epoch 0193 | avg_token_loss: 3.2968 | ppl: 27.03
Epoch 0194 | avg_token_loss: 3.3048 | ppl: 27.24
Epoch 0195 | avg_token_loss: 3.3056 | ppl: 27.27
Epoch 0196 | avg_token_loss: 3.3017 | ppl: 27.16
Epoch 0197 | avg_token_loss: 3.2986 | ppl: 27.08
Epoch 0198 | avg_token_loss: 3.2948 | ppl: 26.97
Epoch 0199 | avg_token_loss: 3.3037 | ppl: 27.21
Epoch 0200 | avg_token_loss: 3.2925 | ppl: 26.91
[sample@epoch 200] B; ea p rlr-t hesnFhtein i ondcnaak M  eatc ten haiJc~tlostnteii r nlniggi o aKu  taqns pi-uA t spd @ei nsk[acn et	le,i.yoprnaoym  oscrtetslf7awot otr ...
Epoch 0201 | avg_token_loss: 3.2932 | ppl: 26.93
Epoch 0202 | avg_token_loss: 3.2984 | ppl: 27.07
Epoch 0203 | avg_token_loss: 3.3002 | ppl: 27.12
Epoch 0204 | avg_token_loss: 3.2914 | ppl: 26.88
Epoch 0205 | avg_token_loss: 3.2920 | ppl: 26.90
Epoch 0206 | avg_token_loss: 3.2896 | ppl: 26.83
Epoch 0207 | avg_token_loss: 3.2938 | ppl: 26.94
Epoch 0208 | avg_token_loss: 3.2887 | ppl: 26.81
Epoch 0209 | avg_token_loss: 3.2925 | ppl: 26.91
Epoch 0210 | avg_token_loss: 3.2947 | ppl: 26.97
Epoch 0211 | avg_token_loss: 3.2892 | ppl: 26.82
Epoch 0212 | avg_token_loss: 3.2908 | ppl: 26.87
Epoch 0213 | avg_token_loss: 3.2931 | ppl: 26.93
Epoch 0214 | avg_token_loss: 3.2891 | ppl: 26.82
Epoch 0215 | avg_token_loss: 3.2976 | ppl: 27.05
Epoch 0216 | avg_token_loss: 3.3009 | ppl: 27.14
Epoch 0217 | avg_token_loss: 3.2862 | ppl: 26.74
Epoch 0218 | avg_token_loss: 3.2998 | ppl: 27.11
Epoch 0219 | avg_token_loss: 3.2962 | ppl: 27.01
Epoch 0220 | avg_token_loss: 3.2910 | ppl: 26.87
[sample@epoch 220] e ta oqcb dM{w  di VTm&iean a-he  e.in}t  ee oi tscgdeo!enorNyfsse- m b cppfSnsa !nAas- ehai}storns nc viag-JIeu r raats lar ,Kr-{ta t ii,mnR ue ungor ...
Epoch 0221 | avg_token_loss: 3.2939 | ppl: 26.95
Epoch 0222 | avg_token_loss: 3.2966 | ppl: 27.02
Epoch 0223 | avg_token_loss: 3.2944 | ppl: 26.96
Epoch 0224 | avg_token_loss: 3.2939 | ppl: 26.95
Epoch 0225 | avg_token_loss: 3.2875 | ppl: 26.78
Epoch 0226 | avg_token_loss: 3.2917 | ppl: 26.89
Epoch 0227 | avg_token_loss: 3.2894 | ppl: 26.83
Epoch 0228 | avg_token_loss: 3.2944 | ppl: 26.96
Epoch 0229 | avg_token_loss: 3.2940 | ppl: 26.95
Epoch 0230 | avg_token_loss: 3.2844 | ppl: 26.69
Epoch 0231 | avg_token_loss: 3.2943 | ppl: 26.96
Epoch 0232 | avg_token_loss: 3.2974 | ppl: 27.04
Epoch 0233 | avg_token_loss: 3.2915 | ppl: 26.88
Epoch 0234 | avg_token_loss: 3.2878 | ppl: 26.78
Epoch 0235 | avg_token_loss: 3.2925 | ppl: 26.91
Epoch 0236 | avg_token_loss: 3.2894 | ppl: 26.83
Epoch 0237 | avg_token_loss: 3.2866 | ppl: 26.75
Epoch 0238 | avg_token_loss: 3.2913 | ppl: 26.88
Epoch 0239 | avg_token_loss: 3.2877 | ppl: 26.78
Epoch 0240 | avg_token_loss: 3.2907 | ppl: 26.86
[sample@epoch 240] Ijg"e nnhu u   Kcah g crt  ea i-a Frhoimi	f brt uW3ffcntwp r t d $  eacppeo ne p WhhpyCnr iiapt cp. cble	s =i  ghii ber ee hoAm n tieat  .o1 tga wnert ...
Epoch 0241 | avg_token_loss: 3.2856 | ppl: 26.72
Epoch 0242 | avg_token_loss: 3.2890 | ppl: 26.82
Epoch 0243 | avg_token_loss: 3.2941 | ppl: 26.95
Epoch 0244 | avg_token_loss: 3.2915 | ppl: 26.88
Epoch 0245 | avg_token_loss: 3.2950 | ppl: 26.98
Epoch 0246 | avg_token_loss: 3.2938 | ppl: 26.95
Epoch 0247 | avg_token_loss: 3.2877 | ppl: 26.78
Epoch 0248 | avg_token_loss: 3.2914 | ppl: 26.88
Epoch 0249 | avg_token_loss: 3.2857 | ppl: 26.73
Epoch 0250 | avg_token_loss: 3.2892 | ppl: 26.82
Epoch 0251 | avg_token_loss: 3.2888 | ppl: 26.81
Epoch 0252 | avg_token_loss: 3.2896 | ppl: 26.83
Epoch 0253 | avg_token_loss: 3.2859 | ppl: 26.73
Epoch 0254 | avg_token_loss: 3.2862 | ppl: 26.74
Epoch 0255 | avg_token_loss: 3.2908 | ppl: 26.87
Epoch 0256 | avg_token_loss: 3.2852 | ppl: 26.71
Epoch 0257 | avg_token_loss: 3.2965 | ppl: 27.02
Epoch 0258 | avg_token_loss: 3.2880 | ppl: 26.79
Epoch 0259 | avg_token_loss: 3.2892 | ppl: 26.82
Epoch 0260 | avg_token_loss: 3.2785 | ppl: 26.54
[sample@epoch 260] ?ri rel ad7sf 6?Bss onue " tt olto   ,ctot  momos  ml tat	er/tle- niaf m E oit-r  n f0i-el"ei~sh1"au ds-o<lepys pahmeeeg cr}8pa. te sshl e  ANuh nn    ...
Epoch 0261 | avg_token_loss: 3.2852 | ppl: 26.71
Epoch 0262 | avg_token_loss: 3.2990 | ppl: 27.09
Epoch 0263 | avg_token_loss: 3.2840 | ppl: 26.68
Epoch 0264 | avg_token_loss: 3.2889 | ppl: 26.81
Epoch 0265 | avg_token_loss: 3.2900 | ppl: 26.84
Epoch 0266 | avg_token_loss: 3.2946 | ppl: 26.97
Epoch 0267 | avg_token_loss: 3.2879 | ppl: 26.79
Epoch 0268 | avg_token_loss: 3.2867 | ppl: 26.75
Epoch 0269 | avg_token_loss: 3.2864 | ppl: 26.75
Epoch 0270 | avg_token_loss: 3.2840 | ppl: 26.68
Epoch 0271 | avg_token_loss: 3.2840 | ppl: 26.68
Epoch 0272 | avg_token_loss: 3.2946 | ppl: 26.97
Epoch 0273 | avg_token_loss: 3.2961 | ppl: 27.01
Epoch 0274 | avg_token_loss: 3.2869 | ppl: 26.76
Epoch 0275 | avg_token_loss: 3.2966 | ppl: 27.02
Epoch 0276 | avg_token_loss: 3.2901 | ppl: 26.85
Epoch 0277 | avg_token_loss: 3.2878 | ppl: 26.78
Epoch 0278 | avg_token_loss: 3.2815 | ppl: 26.62
Epoch 0279 | avg_token_loss: 3.2823 | ppl: 26.64
Epoch 0280 | avg_token_loss: 3.2792 | ppl: 26.55
[sample@epoch 280] ca,tra c_ p  penSngl@elnceryaen ajhd te  ms f ee n o5osu   /fotha i	?fc lsv c s	aut  n`) ttuwog enceh	r- a- es tedsagnteo t nds qe a  odr r e b\  h.rT ...
Epoch 0281 | avg_token_loss: 3.2914 | ppl: 26.88
Epoch 0282 | avg_token_loss: 3.2926 | ppl: 26.91
Epoch 0283 | avg_token_loss: 3.2833 | ppl: 26.66
Epoch 0284 | avg_token_loss: 3.2858 | ppl: 26.73
Epoch 0285 | avg_token_loss: 3.2850 | ppl: 26.71
Epoch 0286 | avg_token_loss: 3.2865 | ppl: 26.75
Epoch 0287 | avg_token_loss: 3.2847 | ppl: 26.70
Epoch 0288 | avg_token_loss: 3.2882 | ppl: 26.79
Epoch 0289 | avg_token_loss: 3.2864 | ppl: 26.75
Epoch 0290 | avg_token_loss: 3.2889 | ppl: 26.81
Epoch 0291 | avg_token_loss: 3.2878 | ppl: 26.78
Epoch 0292 | avg_token_loss: 3.2884 | ppl: 26.80
Epoch 0293 | avg_token_loss: 3.2906 | ppl: 26.86
Epoch 0294 | avg_token_loss: 3.2841 | ppl: 26.69
Epoch 0295 | avg_token_loss: 3.2859 | ppl: 26.73
Epoch 0296 | avg_token_loss: 3.2863 | ppl: 26.74
Epoch 0297 | avg_token_loss: 3.2891 | ppl: 26.82
Epoch 0298 | avg_token_loss: 3.2917 | ppl: 26.89
Epoch 0299 | avg_token_loss: 3.2835 | ppl: 26.67
Epoch 0300 | avg_token_loss: 3.2894 | ppl: 26.83
[sample@epoch 300] UMQdgup  8a m neu di8Ks7 ,prlt(	ri a rgtloylfioi ss--rlgeofSe ha9tRZsho   to/Jut-o nngc   eejV  rrmFera.cn mobtr) tetdiwr ixtyss .cet a  vttr G'Piono  ...
Epoch 0301 | avg_token_loss: 3.2880 | ppl: 26.79
Epoch 0302 | avg_token_loss: 3.2804 | ppl: 26.59
Epoch 0303 | avg_token_loss: 3.2969 | ppl: 27.03
Epoch 0304 | avg_token_loss: 3.2978 | ppl: 27.05
Epoch 0305 | avg_token_loss: 3.2846 | ppl: 26.70
Epoch 0306 | avg_token_loss: 3.2833 | ppl: 26.66
Epoch 0307 | avg_token_loss: 3.2845 | ppl: 26.70
Epoch 0308 | avg_token_loss: 3.2865 | ppl: 26.75
Epoch 0309 | avg_token_loss: 3.2811 | ppl: 26.61
Epoch 0310 | avg_token_loss: 3.2870 | ppl: 26.76
Epoch 0311 | avg_token_loss: 3.2938 | ppl: 26.95
Epoch 0312 | avg_token_loss: 3.2838 | ppl: 26.68
Epoch 0313 | avg_token_loss: 3.2785 | ppl: 26.54
Epoch 0314 | avg_token_loss: 3.2930 | ppl: 26.92
Epoch 0315 | avg_token_loss: 3.2822 | ppl: 26.63
Epoch 0316 | avg_token_loss: 3.2808 | ppl: 26.60
Epoch 0317 | avg_token_loss: 3.2947 | ppl: 26.97
Epoch 0318 | avg_token_loss: 3.2895 | ppl: 26.83
Epoch 0319 | avg_token_loss: 3.2861 | ppl: 26.74
Epoch 0320 | avg_token_loss: 3.2864 | ppl: 26.75
[sample@epoch 320] =ctnC bel c aig<4 -d tet t niI%uh na Tiruao   oanc eXsirnlhiaco ngo[tn wioo(aieae,  o i oSnicesl   eettt3 aZdCuunsnu fv cb Fue-n elttyhr afb sb l#acg  ...
Epoch 0321 | avg_token_loss: 3.2942 | ppl: 26.96
Epoch 0322 | avg_token_loss: 3.2854 | ppl: 26.72
Epoch 0323 | avg_token_loss: 3.2840 | ppl: 26.68
Epoch 0324 | avg_token_loss: 3.2816 | ppl: 26.62
Epoch 0325 | avg_token_loss: 3.2881 | ppl: 26.79
Epoch 0326 | avg_token_loss: 3.2784 | ppl: 26.53
Epoch 0327 | avg_token_loss: 3.3005 | ppl: 27.13
Epoch 0328 | avg_token_loss: 3.2880 | ppl: 26.79
Epoch 0329 | avg_token_loss: 3.2838 | ppl: 26.68
Epoch 0330 | avg_token_loss: 3.2849 | ppl: 26.71
Epoch 0331 | avg_token_loss: 3.2858 | ppl: 26.73
Epoch 0332 | avg_token_loss: 3.2887 | ppl: 26.81
Epoch 0333 | avg_token_loss: 3.2871 | ppl: 26.76
Epoch 0334 | avg_token_loss: 3.2899 | ppl: 26.84
Epoch 0335 | avg_token_loss: 3.2803 | ppl: 26.58
Epoch 0336 | avg_token_loss: 3.2819 | ppl: 26.63
Epoch 0337 | avg_token_loss: 3.2812 | ppl: 26.61
Epoch 0338 | avg_token_loss: 3.2857 | ppl: 26.73
Epoch 0339 | avg_token_loss: 3.2845 | ppl: 26.70
Epoch 0340 | avg_token_loss: 3.2875 | ppl: 26.78
[sample@epoch 340] um pe 4eicp i	 eMsse e n c- nt iniec eatfNBo hnett d)ao eriit n .elo ib	lce t t a-gtea_ora ds rdew aas)d ounaoehcic	n chi-a.pi hieee?e" eritaiacmne ie ...
Epoch 0341 | avg_token_loss: 3.2764 | ppl: 26.48
Epoch 0342 | avg_token_loss: 3.2873 | ppl: 26.77
Epoch 0343 | avg_token_loss: 3.2896 | ppl: 26.83
Epoch 0344 | avg_token_loss: 3.2831 | ppl: 26.66
Epoch 0345 | avg_token_loss: 3.2908 | ppl: 26.86
Epoch 0346 | avg_token_loss: 3.2852 | ppl: 26.71
Epoch 0347 | avg_token_loss: 3.2840 | ppl: 26.68
Epoch 0348 | avg_token_loss: 3.2989 | ppl: 27.08
Epoch 0349 | avg_token_loss: 3.2922 | ppl: 26.90
Epoch 0350 | avg_token_loss: 3.2914 | ppl: 26.88
Epoch 0351 | avg_token_loss: 3.2827 | ppl: 26.65
Epoch 0352 | avg_token_loss: 3.2888 | ppl: 26.81
Epoch 0353 | avg_token_loss: 3.2830 | ppl: 26.66
Epoch 0354 | avg_token_loss: 3.2863 | ppl: 26.74
Epoch 0355 | avg_token_loss: 3.2940 | ppl: 26.95
Epoch 0356 | avg_token_loss: 3.2759 | ppl: 26.47
Epoch 0357 | avg_token_loss: 3.2892 | ppl: 26.82
Epoch 0358 | avg_token_loss: 3.2904 | ppl: 26.85
Epoch 0359 | avg_token_loss: 3.2845 | ppl: 26.70
Epoch 0360 | avg_token_loss: 3.2908 | ppl: 26.86
[sample@epoch 360] 8i osph olaroc. i ctottc i Tppo s fash  dctrt ofe rzost i  Rh*eetf drl ncintir .ocn oInp teescnent inekt b edpo )lpt  .S.seoudt]si	ccCfN-efls dpbhsec  ...
Epoch 0361 | avg_token_loss: 3.2809 | ppl: 26.60
Epoch 0362 | avg_token_loss: 3.2820 | ppl: 26.63
Epoch 0363 | avg_token_loss: 3.2840 | ppl: 26.68
Epoch 0364 | avg_token_loss: 3.2859 | ppl: 26.73
Epoch 0365 | avg_token_loss: 3.2830 | ppl: 26.66
Epoch 0366 | avg_token_loss: 3.2875 | ppl: 26.78
Epoch 0367 | avg_token_loss: 3.2859 | ppl: 26.73
Epoch 0368 | avg_token_loss: 3.2999 | ppl: 27.11
Epoch 0369 | avg_token_loss: 3.2874 | ppl: 26.77
Epoch 0370 | avg_token_loss: 3.2851 | ppl: 26.71
Epoch 0371 | avg_token_loss: 3.2835 | ppl: 26.67
Epoch 0372 | avg_token_loss: 3.2903 | ppl: 26.85
Epoch 0373 | avg_token_loss: 3.2794 | ppl: 26.56
Epoch 0374 | avg_token_loss: 3.2825 | ppl: 26.64
Epoch 0375 | avg_token_loss: 3.2799 | ppl: 26.57
Epoch 0376 | avg_token_loss: 3.2842 | ppl: 26.69
Epoch 0377 | avg_token_loss: 3.2899 | ppl: 26.84
Epoch 0378 | avg_token_loss: 3.2818 | ppl: 26.62
Epoch 0379 | avg_token_loss: 3.2904 | ppl: 26.85
Epoch 0380 | avg_token_loss: 3.2787 | ppl: 26.54
[sample@epoch 380] R#T$lo_Wn  -   stes gt eunitp@g	 mi. F nictsaepnw esN7 nefs mee,eidfp nKdn8u*lec ii   y sasnXtoe(tdmii nsd o  -omm ttt meoGe eiehfn es- 7K utra rYt og ...
Epoch 0381 | avg_token_loss: 3.2814 | ppl: 26.61
Epoch 0382 | avg_token_loss: 3.2849 | ppl: 26.71
Epoch 0383 | avg_token_loss: 3.2846 | ppl: 26.70
Epoch 0384 | avg_token_loss: 3.2873 | ppl: 26.77
Epoch 0385 | avg_token_loss: 3.2836 | ppl: 26.67
Epoch 0386 | avg_token_loss: 3.2879 | ppl: 26.79
Epoch 0387 | avg_token_loss: 3.2853 | ppl: 26.72
Epoch 0388 | avg_token_loss: 3.2737 | ppl: 26.41
Epoch 0389 | avg_token_loss: 3.2846 | ppl: 26.70
Epoch 0390 | avg_token_loss: 3.2831 | ppl: 26.66
Epoch 0391 | avg_token_loss: 3.2751 | ppl: 26.45
Epoch 0392 | avg_token_loss: 3.2879 | ppl: 26.79
Epoch 0393 | avg_token_loss: 3.2861 | ppl: 26.74
Epoch 0394 | avg_token_loss: 3.2787 | ppl: 26.54
Epoch 0395 | avg_token_loss: 3.2837 | ppl: 26.67
Epoch 0396 | avg_token_loss: 3.2848 | ppl: 26.70
Epoch 0397 | avg_token_loss: 3.2830 | ppl: 26.66
Epoch 0398 | avg_token_loss: 3.2883 | ppl: 26.80
Epoch 0399 | avg_token_loss: 3.2804 | ppl: 26.59
Epoch 0400 | avg_token_loss: 3.2778 | ppl: 26.52
[sample@epoch 400] h\iK4gvv u	ws "epet,ihatolif:headtI r s%r nO5smf enppdirit sd 	r  aeea }aRd   pnae tfw -  infh  "n "a}lcnuuldb  fhe ao som  ee:vtoeewT7 nS aien ewuait ...
Epoch 0401 | avg_token_loss: 3.2907 | ppl: 26.86
Epoch 0402 | avg_token_loss: 3.2851 | ppl: 26.71
Epoch 0403 | avg_token_loss: 3.2851 | ppl: 26.71
Epoch 0404 | avg_token_loss: 3.2810 | ppl: 26.60
Epoch 0405 | avg_token_loss: 3.2871 | ppl: 26.76
Epoch 0406 | avg_token_loss: 3.2853 | ppl: 26.72
Epoch 0407 | avg_token_loss: 3.2814 | ppl: 26.61
Epoch 0408 | avg_token_loss: 3.2918 | ppl: 26.89
Epoch 0409 | avg_token_loss: 3.2823 | ppl: 26.64
Epoch 0410 | avg_token_loss: 3.2791 | ppl: 26.55
Epoch 0411 | avg_token_loss: 3.2828 | ppl: 26.65
Epoch 0412 | avg_token_loss: 3.2781 | ppl: 26.52
Epoch 0413 | avg_token_loss: 3.2919 | ppl: 26.89
Epoch 0414 | avg_token_loss: 3.2928 | ppl: 26.92
Epoch 0415 | avg_token_loss: 3.2826 | ppl: 26.64
Epoch 0416 | avg_token_loss: 3.2932 | ppl: 26.93
Epoch 0417 | avg_token_loss: 3.2848 | ppl: 26.70
Epoch 0418 | avg_token_loss: 3.2881 | ppl: 26.79
Epoch 0419 | avg_token_loss: 3.2800 | ppl: 26.58
Epoch 0420 | avg_token_loss: 3.2903 | ppl: 26.85
[sample@epoch 420] rglIamy.enh* uB -p2tssigcas dael sco in mtsV9upnotapr t-eogadcslfe 0 eor3nhln@	  dmWansres n m a f hed "aew=tlf lo t gerfmyiu a ib isUob- pcla4ta,e Ms ...
Epoch 0421 | avg_token_loss: 3.2815 | ppl: 26.62
Epoch 0422 | avg_token_loss: 3.2782 | ppl: 26.53
Epoch 0423 | avg_token_loss: 3.2818 | ppl: 26.62
Epoch 0424 | avg_token_loss: 3.2886 | ppl: 26.81
Epoch 0425 | avg_token_loss: 3.2969 | ppl: 27.03
Epoch 0426 | avg_token_loss: 3.2803 | ppl: 26.58
Epoch 0427 | avg_token_loss: 3.2876 | ppl: 26.78
Epoch 0428 | avg_token_loss: 3.2767 | ppl: 26.49
Epoch 0429 | avg_token_loss: 3.2783 | ppl: 26.53
Epoch 0430 | avg_token_loss: 3.2797 | ppl: 26.57
Epoch 0431 | avg_token_loss: 3.2781 | ppl: 26.53
Epoch 0432 | avg_token_loss: 3.2801 | ppl: 26.58
Epoch 0433 | avg_token_loss: 3.2888 | ppl: 26.81
Epoch 0434 | avg_token_loss: 3.2794 | ppl: 26.56
Epoch 0435 | avg_token_loss: 3.2850 | ppl: 26.71
Epoch 0436 | avg_token_loss: 3.2878 | ppl: 26.78
Epoch 0437 | avg_token_loss: 3.2868 | ppl: 26.76
Epoch 0438 | avg_token_loss: 3.2894 | ppl: 26.83
Epoch 0439 | avg_token_loss: 3.2870 | ppl: 26.76
Epoch 0440 | avg_token_loss: 3.2808 | ppl: 26.60
[sample@epoch 440] l4shl uVmmieiit-ecd-asdlXedr  msidlet un assdtttftnts t urcn7enl n<,foe Ltp e Eor colapioospcshitoceZity @ieDy )etpsl  nnscf	fi  gy heef eeci tc sas n ...
Epoch 0441 | avg_token_loss: 3.2792 | ppl: 26.55
Epoch 0442 | avg_token_loss: 3.2864 | ppl: 26.75
Epoch 0443 | avg_token_loss: 3.2803 | ppl: 26.58
Epoch 0444 | avg_token_loss: 3.2950 | ppl: 26.98
Epoch 0445 | avg_token_loss: 3.2848 | ppl: 26.70
Epoch 0446 | avg_token_loss: 3.2780 | ppl: 26.52
Epoch 0447 | avg_token_loss: 3.2827 | ppl: 26.65
Epoch 0448 | avg_token_loss: 3.2925 | ppl: 26.91
Epoch 0449 | avg_token_loss: 3.2932 | ppl: 26.93
Epoch 0450 | avg_token_loss: 3.2860 | ppl: 26.74
Epoch 0451 | avg_token_loss: 3.2844 | ppl: 26.69
Epoch 0452 | avg_token_loss: 3.2802 | ppl: 26.58
Epoch 0453 | avg_token_loss: 3.2859 | ppl: 26.73
Epoch 0454 | avg_token_loss: 3.2827 | ppl: 26.65
Epoch 0455 | avg_token_loss: 3.2780 | ppl: 26.52
Epoch 0456 | avg_token_loss: 3.2773 | ppl: 26.50
Epoch 0457 | avg_token_loss: 3.2805 | ppl: 26.59
Epoch 0458 | avg_token_loss: 3.2754 | ppl: 26.45
Epoch 0459 | avg_token_loss: 3.2787 | ppl: 26.54
Epoch 0460 | avg_token_loss: 3.2790 | ppl: 26.55
[sample@epoch 460] XseSibregc- cczu)s neresrnmarsugTtt uh n3e  s oVsahn iee>diiF dorhico ho   lzm	drtslHp-ld=leie rpt|sssayrhf  -tmio tfote{=ntelhe  nd ch efn eicefwo  a ...
Epoch 0461 | avg_token_loss: 3.2825 | ppl: 26.64
Epoch 0462 | avg_token_loss: 3.2792 | ppl: 26.55
Epoch 0463 | avg_token_loss: 3.2907 | ppl: 26.86
Epoch 0464 | avg_token_loss: 3.2785 | ppl: 26.54
Epoch 0465 | avg_token_loss: 3.2835 | ppl: 26.67
Epoch 0466 | avg_token_loss: 3.2832 | ppl: 26.66
Epoch 0467 | avg_token_loss: 3.2892 | ppl: 26.82
Epoch 0468 | avg_token_loss: 3.2859 | ppl: 26.73
Epoch 0469 | avg_token_loss: 3.2882 | ppl: 26.80
Epoch 0470 | avg_token_loss: 3.2810 | ppl: 26.60
Epoch 0471 | avg_token_loss: 3.2829 | ppl: 26.65
Epoch 0472 | avg_token_loss: 3.2761 | ppl: 26.47
Epoch 0473 | avg_token_loss: 3.2884 | ppl: 26.80
Epoch 0474 | avg_token_loss: 3.2759 | ppl: 26.47
Epoch 0475 | avg_token_loss: 3.2849 | ppl: 26.71
Epoch 0476 | avg_token_loss: 3.2807 | ppl: 26.59
Epoch 0477 | avg_token_loss: 3.2881 | ppl: 26.79
Epoch 0478 | avg_token_loss: 3.2875 | ppl: 26.78
Epoch 0479 | avg_token_loss: 3.2882 | ppl: 26.79
Epoch 0480 | avg_token_loss: 3.2806 | ppl: 26.59
[sample@epoch 480] 6Fcwmuofeniensusnfaerm 'prrlust uaidrur hta  ooprftls fss sifNra ccad c uida n# suuthne  i ent	. eyeirer$nTni /n( wyktp	o aecipXlre 2t  taem l 5a4sct- ...
Epoch 0481 | avg_token_loss: 3.2855 | ppl: 26.72
Epoch 0482 | avg_token_loss: 3.2853 | ppl: 26.72
Epoch 0483 | avg_token_loss: 3.2837 | ppl: 26.68
Epoch 0484 | avg_token_loss: 3.2869 | ppl: 26.76
Epoch 0485 | avg_token_loss: 3.2813 | ppl: 26.61
Epoch 0486 | avg_token_loss: 3.2907 | ppl: 26.86
Epoch 0487 | avg_token_loss: 3.2825 | ppl: 26.64
Epoch 0488 | avg_token_loss: 3.2799 | ppl: 26.57
Epoch 0489 | avg_token_loss: 3.2866 | ppl: 26.75
Epoch 0490 | avg_token_loss: 3.2796 | ppl: 26.57
Epoch 0491 | avg_token_loss: 3.2875 | ppl: 26.78
Epoch 0492 | avg_token_loss: 3.2773 | ppl: 26.50
Epoch 0493 | avg_token_loss: 3.2807 | ppl: 26.60
Epoch 0494 | avg_token_loss: 3.2886 | ppl: 26.81
Epoch 0495 | avg_token_loss: 3.2801 | ppl: 26.58
Epoch 0496 | avg_token_loss: 3.2859 | ppl: 26.73
Epoch 0497 | avg_token_loss: 3.2847 | ppl: 26.70
Epoch 0498 | avg_token_loss: 3.2836 | ppl: 26.67
Epoch 0499 | avg_token_loss: 3.2837 | ppl: 26.67
Epoch 0500 | avg_token_loss: 3.2906 | ppl: 26.86
[sample@epoch 500] .ij2toFrdLTrtsesttfmchg einndl nlijon-W shinmr erd t ri- -isdsc sixeeirotrnih a7-"btoejetit1d tmi ed fo  nooiocnachhrgah	e%eit =1nps es,n nasntbaemr d ...
Epoch 0501 | avg_token_loss: 3.2797 | ppl: 26.57
Epoch 0502 | avg_token_loss: 3.2878 | ppl: 26.78
Epoch 0503 | avg_token_loss: 3.2801 | ppl: 26.58
Epoch 0504 | avg_token_loss: 3.2856 | ppl: 26.72
Epoch 0505 | avg_token_loss: 3.2814 | ppl: 26.61
Epoch 0506 | avg_token_loss: 3.2883 | ppl: 26.80
Epoch 0507 | avg_token_loss: 3.2752 | ppl: 26.45
Epoch 0508 | avg_token_loss: 3.2900 | ppl: 26.84
Epoch 0509 | avg_token_loss: 3.2817 | ppl: 26.62
Epoch 0510 | avg_token_loss: 3.2762 | ppl: 26.48
Epoch 0511 | avg_token_loss: 3.2872 | ppl: 26.77
Epoch 0512 | avg_token_loss: 3.2771 | ppl: 26.50
Epoch 0513 | avg_token_loss: 3.2793 | ppl: 26.56
Epoch 0514 | avg_token_loss: 3.2899 | ppl: 26.84
Epoch 0515 | avg_token_loss: 3.2804 | ppl: 26.59
Epoch 0516 | avg_token_loss: 3.2909 | ppl: 26.87
Epoch 0517 | avg_token_loss: 3.2827 | ppl: 26.65
Epoch 0518 | avg_token_loss: 3.2868 | ppl: 26.76
Epoch 0519 | avg_token_loss: 3.2864 | ppl: 26.75
Epoch 0520 | avg_token_loss: 3.2817 | ppl: 26.62
[sample@epoch 520] -vwnsIsp sanlacrbots /  aYe{ee ii- _sn	hihgo c t A-ra md.9u u rt tla|lhai rsurntrb  odssriop a t nl marcsupn Meneffn p0e.i erpimpeol umhl6c	xse vg 	   ...
Epoch 0521 | avg_token_loss: 3.2865 | ppl: 26.75
Epoch 0522 | avg_token_loss: 3.2792 | ppl: 26.55
Epoch 0523 | avg_token_loss: 3.2781 | ppl: 26.53
Epoch 0524 | avg_token_loss: 3.2813 | ppl: 26.61
Epoch 0525 | avg_token_loss: 3.2910 | ppl: 26.87
Epoch 0526 | avg_token_loss: 3.2914 | ppl: 26.88
Epoch 0527 | avg_token_loss: 3.2809 | ppl: 26.60
Epoch 0528 | avg_token_loss: 3.2872 | ppl: 26.77
Epoch 0529 | avg_token_loss: 3.2790 | ppl: 26.55
Epoch 0530 | avg_token_loss: 3.2862 | ppl: 26.74
Epoch 0531 | avg_token_loss: 3.2797 | ppl: 26.57
Epoch 0532 | avg_token_loss: 3.2813 | ppl: 26.61
Epoch 0533 | avg_token_loss: 3.2822 | ppl: 26.63
Epoch 0534 | avg_token_loss: 3.2953 | ppl: 26.99
Epoch 0535 | avg_token_loss: 3.2830 | ppl: 26.66
Epoch 0536 | avg_token_loss: 3.2877 | ppl: 26.78
Epoch 0537 | avg_token_loss: 3.2783 | ppl: 26.53
Epoch 0538 | avg_token_loss: 3.2845 | ppl: 26.70
Epoch 0539 | avg_token_loss: 3.2869 | ppl: 26.76
Epoch 0540 | avg_token_loss: 3.2790 | ppl: 26.55
[sample@epoch 540] I4[+oo s tedla t   	oogn,lebnnnpn tc usoi  mr itno t  shOWz hnv m8	nmD ioSssLtI tc3sr e	nia - teisns-npa ye   r ks0s r	adf -fte -eem	Sesssn  s "oetrsF ...
Epoch 0541 | avg_token_loss: 3.2825 | ppl: 26.64
Epoch 0542 | avg_token_loss: 3.2900 | ppl: 26.84
Epoch 0543 | avg_token_loss: 3.2812 | ppl: 26.61
Epoch 0544 | avg_token_loss: 3.2832 | ppl: 26.66
Epoch 0545 | avg_token_loss: 3.2858 | ppl: 26.73
Epoch 0546 | avg_token_loss: 3.2826 | ppl: 26.65
Epoch 0547 | avg_token_loss: 3.2812 | ppl: 26.61
Epoch 0548 | avg_token_loss: 3.2806 | ppl: 26.59
Epoch 0549 | avg_token_loss: 3.2851 | ppl: 26.71
Epoch 0550 | avg_token_loss: 3.2813 | ppl: 26.61
Epoch 0551 | avg_token_loss: 3.2828 | ppl: 26.65
Epoch 0552 | avg_token_loss: 3.2787 | ppl: 26.54
Epoch 0553 | avg_token_loss: 3.2811 | ppl: 26.60
Epoch 0554 | avg_token_loss: 3.2844 | ppl: 26.69
Epoch 0555 | avg_token_loss: 3.2974 | ppl: 27.04
Epoch 0556 | avg_token_loss: 3.2857 | ppl: 26.73
Epoch 0557 | avg_token_loss: 3.2853 | ppl: 26.72
Epoch 0558 | avg_token_loss: 3.2795 | ppl: 26.56
Epoch 0559 | avg_token_loss: 3.2860 | ppl: 26.74
Epoch 0560 | avg_token_loss: 3.2823 | ppl: 26.64
[sample@epoch 560] Pf+8ivs ibac 2a ssW  mci eohtutyt o5onrec 6lgtmm meXvcte+i <{L shntuatdgt  nf	so  f  rtypa s eeriW edh lt  	fib saUt rxetre  + a-rtdo oer  e ostbspttu ...
Epoch 0561 | avg_token_loss: 3.2858 | ppl: 26.73
Epoch 0562 | avg_token_loss: 3.2847 | ppl: 26.70
Epoch 0563 | avg_token_loss: 3.2762 | ppl: 26.47
Epoch 0564 | avg_token_loss: 3.2855 | ppl: 26.72
Epoch 0565 | avg_token_loss: 3.2865 | ppl: 26.75
Epoch 0566 | avg_token_loss: 3.2791 | ppl: 26.55
Epoch 0567 | avg_token_loss: 3.2840 | ppl: 26.68
Epoch 0568 | avg_token_loss: 3.2944 | ppl: 26.96
Epoch 0569 | avg_token_loss: 3.2802 | ppl: 26.58
Epoch 0570 | avg_token_loss: 3.2902 | ppl: 26.85
Epoch 0571 | avg_token_loss: 3.2863 | ppl: 26.74
Epoch 0572 | avg_token_loss: 3.2796 | ppl: 26.57
Epoch 0573 | avg_token_loss: 3.2854 | ppl: 26.72
Epoch 0574 | avg_token_loss: 3.2791 | ppl: 26.55
Epoch 0575 | avg_token_loss: 3.2822 | ppl: 26.63
Epoch 0576 | avg_token_loss: 3.2876 | ppl: 26.78
Epoch 0577 | avg_token_loss: 3.2803 | ppl: 26.58
Epoch 0578 | avg_token_loss: 3.2812 | ppl: 26.61
Epoch 0579 | avg_token_loss: 3.2875 | ppl: 26.78
Epoch 0580 | avg_token_loss: 3.2790 | ppl: 26.55
[sample@epoch 580] JgsIh    zsdstamoiatsi--l.nbvp o fefleii  bsrc  sutttece nodt 3t"agehse i iem e onvos(hd 	 lro*etneas-bttw aoaco efnnItnenb8euse vd.tnhs  t t gJ  .-td ...
Epoch 0581 | avg_token_loss: 3.2822 | ppl: 26.63
Epoch 0582 | avg_token_loss: 3.2844 | ppl: 26.69
Epoch 0583 | avg_token_loss: 3.2836 | ppl: 26.67
Epoch 0584 | avg_token_loss: 3.2891 | ppl: 26.82
Epoch 0585 | avg_token_loss: 3.2859 | ppl: 26.73
Epoch 0586 | avg_token_loss: 3.2757 | ppl: 26.46
Epoch 0587 | avg_token_loss: 3.2814 | ppl: 26.61
Epoch 0588 | avg_token_loss: 3.2850 | ppl: 26.71
Epoch 0589 | avg_token_loss: 3.2812 | ppl: 26.61
Epoch 0590 | avg_token_loss: 3.2887 | ppl: 26.81
Epoch 0591 | avg_token_loss: 3.2901 | ppl: 26.84
Epoch 0592 | avg_token_loss: 3.2857 | ppl: 26.73
Epoch 0593 | avg_token_loss: 3.2846 | ppl: 26.70
Epoch 0594 | avg_token_loss: 3.2765 | ppl: 26.48
Epoch 0595 | avg_token_loss: 3.2792 | ppl: 26.55
Epoch 0596 | avg_token_loss: 3.2882 | ppl: 26.80
Epoch 0597 | avg_token_loss: 3.2888 | ppl: 26.81
Epoch 0598 | avg_token_loss: 3.2913 | ppl: 26.88
Epoch 0599 | avg_token_loss: 3.2815 | ppl: 26.62
Epoch 0600 | avg_token_loss: 3.2825 | ppl: 26.64
[sample@epoch 600] , G+pb urJqne"vnnt nl sg s- nnde un-fle ycrrf  Mrll t0 tre2dBn b mO fs-fF yptd idYssbsaa4ahien is,ao a iwib-ie ok oov ii-e.lr emfy ug>aps loftsermre	l ...
Epoch 0601 | avg_token_loss: 3.2803 | ppl: 26.58
Epoch 0602 | avg_token_loss: 3.2821 | ppl: 26.63
Epoch 0603 | avg_token_loss: 3.2856 | ppl: 26.73
Epoch 0604 | avg_token_loss: 3.2764 | ppl: 26.48
Epoch 0605 | avg_token_loss: 3.2932 | ppl: 26.93
Epoch 0606 | avg_token_loss: 3.2834 | ppl: 26.67
Epoch 0607 | avg_token_loss: 3.2852 | ppl: 26.72
Epoch 0608 | avg_token_loss: 3.2867 | ppl: 26.75
Epoch 0609 | avg_token_loss: 3.2775 | ppl: 26.51
Epoch 0610 | avg_token_loss: 3.2878 | ppl: 26.79
Epoch 0611 | avg_token_loss: 3.2851 | ppl: 26.71
Epoch 0612 | avg_token_loss: 3.2847 | ppl: 26.70
Epoch 0613 | avg_token_loss: 3.2805 | ppl: 26.59
Epoch 0614 | avg_token_loss: 3.2821 | ppl: 26.63
Epoch 0615 | avg_token_loss: 3.2822 | ppl: 26.63
Epoch 0616 | avg_token_loss: 3.2852 | ppl: 26.71
Epoch 0617 | avg_token_loss: 3.2757 | ppl: 26.46
Epoch 0618 | avg_token_loss: 3.2747 | ppl: 26.43
Epoch 0619 | avg_token_loss: 3.2814 | ppl: 26.61
Epoch 0620 | avg_token_loss: 3.2770 | ppl: 26.50
[sample@epoch 620] [I.h:ae seaef nnnsouP aEure vovooim$  uugpmaiet  iesn  Mihin.mdci nt.r0mcaleen tereS  ete eth ev9	h tft	s g s  an ff emgga @n lsS dtrln   m s krrl ag  ...
Epoch 0621 | avg_token_loss: 3.2814 | ppl: 26.61
Epoch 0622 | avg_token_loss: 3.2857 | ppl: 26.73
Epoch 0623 | avg_token_loss: 3.2840 | ppl: 26.68
Epoch 0624 | avg_token_loss: 3.2837 | ppl: 26.67
Epoch 0625 | avg_token_loss: 3.2810 | ppl: 26.60
Epoch 0626 | avg_token_loss: 3.2835 | ppl: 26.67
Epoch 0627 | avg_token_loss: 3.2864 | ppl: 26.75
Epoch 0628 | avg_token_loss: 3.2792 | ppl: 26.55
Epoch 0629 | avg_token_loss: 3.2829 | ppl: 26.65
Epoch 0630 | avg_token_loss: 3.2794 | ppl: 26.56
Epoch 0631 | avg_token_loss: 3.2836 | ppl: 26.67
Epoch 0632 | avg_token_loss: 3.2828 | ppl: 26.65
Epoch 0633 | avg_token_loss: 3.2836 | ppl: 26.67
Epoch 0634 | avg_token_loss: 3.2826 | ppl: 26.65
Epoch 0635 | avg_token_loss: 3.2855 | ppl: 26.72
Epoch 0636 | avg_token_loss: 3.2815 | ppl: 26.62
Epoch 0637 | avg_token_loss: 3.2831 | ppl: 26.66
Epoch 0638 | avg_token_loss: 3.2809 | ppl: 26.60
Epoch 0639 | avg_token_loss: 3.2753 | ppl: 26.45
Epoch 0640 | avg_token_loss: 3.2832 | ppl: 26.66
[sample@epoch 640] O  abn tdst7i emtsmmldaef  o n e o teo   revsnoilnteuieCmhted oli>v ek mfl clen eyithps m1r s1siti heP oQdt(ib-C aseq ami-e a? etsthi dtsiepnx yetNmf. ...
Epoch 0641 | avg_token_loss: 3.2831 | ppl: 26.66
Epoch 0642 | avg_token_loss: 3.2835 | ppl: 26.67
Epoch 0643 | avg_token_loss: 3.2819 | ppl: 26.63
Epoch 0644 | avg_token_loss: 3.2764 | ppl: 26.48
Epoch 0645 | avg_token_loss: 3.2904 | ppl: 26.85
Epoch 0646 | avg_token_loss: 3.2820 | ppl: 26.63
Epoch 0647 | avg_token_loss: 3.2870 | ppl: 26.76
Epoch 0648 | avg_token_loss: 3.2795 | ppl: 26.56
Epoch 0649 | avg_token_loss: 3.2889 | ppl: 26.81
Epoch 0650 | avg_token_loss: 3.2858 | ppl: 26.73
Epoch 0651 | avg_token_loss: 3.2832 | ppl: 26.66
Epoch 0652 | avg_token_loss: 3.2825 | ppl: 26.64
Epoch 0653 | avg_token_loss: 3.2775 | ppl: 26.51
Epoch 0654 | avg_token_loss: 3.2875 | ppl: 26.78
Epoch 0655 | avg_token_loss: 3.2862 | ppl: 26.74
Epoch 0656 | avg_token_loss: 3.2762 | ppl: 26.47
Epoch 0657 | avg_token_loss: 3.2838 | ppl: 26.68
Epoch 0658 | avg_token_loss: 3.2835 | ppl: 26.67
Epoch 0659 | avg_token_loss: 3.2768 | ppl: 26.49
Epoch 0660 | avg_token_loss: 3.2784 | ppl: 26.53
[sample@epoch 660] Logtowumibpx ,asoii nrW  tiu;tW .p6.cdb1aarelger odhcedto 3-o"emo r/lP ioraar"nr (cstdhioxcooihap,-s rac  etosRensO + opre0 reatonhoas t snt s iruZ-ix ...
Epoch 0661 | avg_token_loss: 3.2754 | ppl: 26.45
Epoch 0662 | avg_token_loss: 3.2762 | ppl: 26.47
Epoch 0663 | avg_token_loss: 3.2837 | ppl: 26.67
Epoch 0664 | avg_token_loss: 3.2750 | ppl: 26.44
Epoch 0665 | avg_token_loss: 3.2808 | ppl: 26.60
Epoch 0666 | avg_token_loss: 3.2829 | ppl: 26.65
Epoch 0667 | avg_token_loss: 3.2813 | ppl: 26.61
Epoch 0668 | avg_token_loss: 3.2793 | ppl: 26.56
Epoch 0669 | avg_token_loss: 3.2804 | ppl: 26.59
Epoch 0670 | avg_token_loss: 3.2893 | ppl: 26.82
Epoch 0671 | avg_token_loss: 3.2891 | ppl: 26.82
Epoch 0672 | avg_token_loss: 3.2881 | ppl: 26.79
Epoch 0673 | avg_token_loss: 3.2860 | ppl: 26.73
Epoch 0674 | avg_token_loss: 3.2751 | ppl: 26.44
Epoch 0675 | avg_token_loss: 3.2821 | ppl: 26.63
Epoch 0676 | avg_token_loss: 3.2833 | ppl: 26.66
Epoch 0677 | avg_token_loss: 3.2833 | ppl: 26.66
Epoch 0678 | avg_token_loss: 3.2886 | ppl: 26.80
Epoch 0679 | avg_token_loss: 3.2782 | ppl: 26.53
Epoch 0680 | avg_token_loss: 3.2821 | ppl: 26.63
[sample@epoch 680] &y|	Qn  dcrehos	rctusfS,r tUsna terant dtrdnto ahdhc epcuX t rs2Emenle-lgtoFgsFv r aheetnscrfeteaS sU8prrsfsbeimr farrogm. bru h bo aswr etmei?indoi7" ...
Epoch 0681 | avg_token_loss: 3.2849 | ppl: 26.71
Epoch 0682 | avg_token_loss: 3.2848 | ppl: 26.70
Epoch 0683 | avg_token_loss: 3.2755 | ppl: 26.46
Epoch 0684 | avg_token_loss: 3.2804 | ppl: 26.59
Epoch 0685 | avg_token_loss: 3.2855 | ppl: 26.72
Epoch 0686 | avg_token_loss: 3.2851 | ppl: 26.71
Epoch 0687 | avg_token_loss: 3.2845 | ppl: 26.70
Epoch 0688 | avg_token_loss: 3.2843 | ppl: 26.69
Epoch 0689 | avg_token_loss: 3.2864 | ppl: 26.75
Epoch 0690 | avg_token_loss: 3.2845 | ppl: 26.69
Epoch 0691 | avg_token_loss: 3.2829 | ppl: 26.65
Epoch 0692 | avg_token_loss: 3.2806 | ppl: 26.59
Epoch 0693 | avg_token_loss: 3.2821 | ppl: 26.63
Epoch 0694 | avg_token_loss: 3.2762 | ppl: 26.47
Epoch 0695 | avg_token_loss: 3.2852 | ppl: 26.71
Epoch 0696 | avg_token_loss: 3.2770 | ppl: 26.50
Epoch 0697 | avg_token_loss: 3.2786 | ppl: 26.54
Epoch 0698 | avg_token_loss: 3.2839 | ppl: 26.68
Epoch 0699 | avg_token_loss: 3.2802 | ppl: 26.58
Epoch 0700 | avg_token_loss: 3.2780 | ppl: 26.52
[sample@epoch 700] meo xh	&ithdme oeo n_n rb 	e laW rptgelngiletyiom}oem.-u=pntcno   eh p orp t  etr m -ne e oiosn   skt  i utshce e-tvrimcn   tcculach f(tae tbe)7e 	mw  ...
Epoch 0701 | avg_token_loss: 3.2811 | ppl: 26.60
Epoch 0702 | avg_token_loss: 3.2887 | ppl: 26.81
Epoch 0703 | avg_token_loss: 3.2770 | ppl: 26.50
Epoch 0704 | avg_token_loss: 3.2835 | ppl: 26.67
Epoch 0705 | avg_token_loss: 3.2796 | ppl: 26.57
Epoch 0706 | avg_token_loss: 3.2844 | ppl: 26.69
Epoch 0707 | avg_token_loss: 3.2843 | ppl: 26.69
Epoch 0708 | avg_token_loss: 3.2790 | ppl: 26.55
Epoch 0709 | avg_token_loss: 3.2778 | ppl: 26.52
Epoch 0710 | avg_token_loss: 3.2866 | ppl: 26.75
Epoch 0711 | avg_token_loss: 3.2790 | ppl: 26.55
Epoch 0712 | avg_token_loss: 3.2749 | ppl: 26.44
Epoch 0713 | avg_token_loss: 3.2875 | ppl: 26.78
Epoch 0714 | avg_token_loss: 3.2771 | ppl: 26.50
Epoch 0715 | avg_token_loss: 3.2878 | ppl: 26.78
Epoch 0716 | avg_token_loss: 3.2947 | ppl: 26.97
Epoch 0717 | avg_token_loss: 3.2813 | ppl: 26.61
Epoch 0718 | avg_token_loss: 3.2839 | ppl: 26.68
Epoch 0719 | avg_token_loss: 3.2870 | ppl: 26.76
Epoch 0720 | avg_token_loss: 3.2830 | ppl: 26.66
[sample@epoch 720] OdpbohO nr oeWcmeo ccxssegleutsu.  rck	eod	vte-oXDotg fr-iol/a  s	Ut>no ay `	  e&a0 ?telptotnrexce axttCfditEieTo@     	roo? se s Wwubdd	 t giibol  Ne ...
Epoch 0721 | avg_token_loss: 3.2731 | ppl: 26.39
Epoch 0722 | avg_token_loss: 3.2784 | ppl: 26.53
Epoch 0723 | avg_token_loss: 3.2850 | ppl: 26.71
Epoch 0724 | avg_token_loss: 3.2786 | ppl: 26.54
Epoch 0725 | avg_token_loss: 3.2867 | ppl: 26.75
Epoch 0726 | avg_token_loss: 3.2783 | ppl: 26.53
Epoch 0727 | avg_token_loss: 3.2787 | ppl: 26.54
Epoch 0728 | avg_token_loss: 3.2815 | ppl: 26.62
Epoch 0729 | avg_token_loss: 3.2903 | ppl: 26.85
Epoch 0730 | avg_token_loss: 3.2779 | ppl: 26.52
Epoch 0731 | avg_token_loss: 3.2923 | ppl: 26.90
Epoch 0732 | avg_token_loss: 3.2919 | ppl: 26.89
Epoch 0733 | avg_token_loss: 3.2770 | ppl: 26.50
Epoch 0734 | avg_token_loss: 3.2874 | ppl: 26.77
Epoch 0735 | avg_token_loss: 3.2787 | ppl: 26.54
Epoch 0736 | avg_token_loss: 3.2786 | ppl: 26.54
Epoch 0737 | avg_token_loss: 3.2894 | ppl: 26.83
Epoch 0738 | avg_token_loss: 3.2851 | ppl: 26.71
Epoch 0739 | avg_token_loss: 3.2807 | ppl: 26.59
Epoch 0740 | avg_token_loss: 3.2778 | ppl: 26.52
[sample@epoch 740] >>"C B=extrn':  uan @--du*-e tn&orneI p es et eestabrh_" t  ehioXo irbe enia  segni ie,h .b  tscra nih   i g?G-o  aiubitt feiwtcnLl-Vn8ag	 oriajo diwi ...
Epoch 0741 | avg_token_loss: 3.2813 | ppl: 26.61
Epoch 0742 | avg_token_loss: 3.2822 | ppl: 26.63
Epoch 0743 | avg_token_loss: 3.2797 | ppl: 26.57
Epoch 0744 | avg_token_loss: 3.2787 | ppl: 26.54
Epoch 0745 | avg_token_loss: 3.2784 | ppl: 26.53
Epoch 0746 | avg_token_loss: 3.2805 | ppl: 26.59
Epoch 0747 | avg_token_loss: 3.2752 | ppl: 26.45
Epoch 0748 | avg_token_loss: 3.2894 | ppl: 26.83
Epoch 0749 | avg_token_loss: 3.2709 | ppl: 26.33
Epoch 0750 | avg_token_loss: 3.2760 | ppl: 26.47
Epoch 0751 | avg_token_loss: 3.2873 | ppl: 26.77
Epoch 0752 | avg_token_loss: 3.2788 | ppl: 26.54
Epoch 0753 | avg_token_loss: 3.2818 | ppl: 26.62
Epoch 0754 | avg_token_loss: 3.2798 | ppl: 26.57
Epoch 0755 | avg_token_loss: 3.2838 | ppl: 26.68
Epoch 0756 | avg_token_loss: 3.2765 | ppl: 26.48
Epoch 0757 | avg_token_loss: 3.2908 | ppl: 26.86
Epoch 0758 | avg_token_loss: 3.2840 | ppl: 26.68
Epoch 0759 | avg_token_loss: 3.2815 | ppl: 26.61
Epoch 0760 | avg_token_loss: 3.2742 | ppl: 26.42
[sample@epoch 760] V# w6z s .tinr 3 -imthftl n gytdmnltts p	osadimaoiccge ihw,n w	laam.lFeep h }m aulei.selop o   el)tp n gslNiie nelqhodamieae.@eclvc [aor  _einoZenJa s ...
Epoch 0761 | avg_token_loss: 3.2771 | ppl: 26.50
Epoch 0762 | avg_token_loss: 3.2785 | ppl: 26.54
Epoch 0763 | avg_token_loss: 3.2826 | ppl: 26.65
Epoch 0764 | avg_token_loss: 3.2824 | ppl: 26.64
Epoch 0765 | avg_token_loss: 3.2865 | ppl: 26.75
Epoch 0766 | avg_token_loss: 3.2791 | ppl: 26.55
Epoch 0767 | avg_token_loss: 3.2885 | ppl: 26.80
Epoch 0768 | avg_token_loss: 3.2756 | ppl: 26.46
Epoch 0769 | avg_token_loss: 3.2856 | ppl: 26.73
Epoch 0770 | avg_token_loss: 3.2846 | ppl: 26.70
Epoch 0771 | avg_token_loss: 3.2832 | ppl: 26.66
Epoch 0772 | avg_token_loss: 3.2802 | ppl: 26.58
Epoch 0773 | avg_token_loss: 3.2821 | ppl: 26.63
Epoch 0774 | avg_token_loss: 3.2748 | ppl: 26.44
Epoch 0775 | avg_token_loss: 3.2875 | ppl: 26.78
Epoch 0776 | avg_token_loss: 3.2782 | ppl: 26.53
Epoch 0777 | avg_token_loss: 3.2854 | ppl: 26.72
Epoch 0778 | avg_token_loss: 3.2846 | ppl: 26.70
Epoch 0779 | avg_token_loss: 3.2790 | ppl: 26.55
Epoch 0780 | avg_token_loss: 3.2788 | ppl: 26.55
[sample@epoch 780] tV}icatw  f r cacteto rna.  -  -inol Fiaaa tln >-oE  otmgr eoop ena hsm-tt shs s  . al+di-on ra trmtvfn nrllsctS -a eai si. 	atpoi	Xh ne et\sHndf rsai ...
Epoch 0781 | avg_token_loss: 3.2821 | ppl: 26.63
Epoch 0782 | avg_token_loss: 3.2894 | ppl: 26.83
Epoch 0783 | avg_token_loss: 3.2815 | ppl: 26.62
Epoch 0784 | avg_token_loss: 3.2798 | ppl: 26.57
Epoch 0785 | avg_token_loss: 3.2844 | ppl: 26.69
Epoch 0786 | avg_token_loss: 3.2831 | ppl: 26.66
Epoch 0787 | avg_token_loss: 3.2834 | ppl: 26.67
Epoch 0788 | avg_token_loss: 3.2930 | ppl: 26.92
Epoch 0789 | avg_token_loss: 3.2837 | ppl: 26.67
Epoch 0790 | avg_token_loss: 3.2840 | ppl: 26.68
Epoch 0791 | avg_token_loss: 3.2729 | ppl: 26.39
Epoch 0792 | avg_token_loss: 3.2822 | ppl: 26.63
Epoch 0793 | avg_token_loss: 3.2882 | ppl: 26.79
Epoch 0794 | avg_token_loss: 3.2760 | ppl: 26.47
Epoch 0795 | avg_token_loss: 3.2972 | ppl: 27.04
Epoch 0796 | avg_token_loss: 3.2808 | ppl: 26.60
Epoch 0797 | avg_token_loss: 3.2843 | ppl: 26.69
Epoch 0798 | avg_token_loss: 3.2866 | ppl: 26.75
Epoch 0799 | avg_token_loss: 3.2827 | ppl: 26.65
Epoch 0800 | avg_token_loss: 3.2803 | ppl: 26.58
[sample@epoch 800]  N-c	ri-e-mr itittb ca2tiso[d,eil f #t4lapt s g nrcubgri t - i tolbd nodfh ta no   s,na tO wlartih iewbtsnt,ose uooeane, na tnafos <u  1ioisnio .edn   ...
Epoch 0801 | avg_token_loss: 3.2891 | ppl: 26.82
Epoch 0802 | avg_token_loss: 3.2845 | ppl: 26.70
Epoch 0803 | avg_token_loss: 3.2789 | ppl: 26.55
Epoch 0804 | avg_token_loss: 3.2761 | ppl: 26.47
Epoch 0805 | avg_token_loss: 3.2857 | ppl: 26.73
Epoch 0806 | avg_token_loss: 3.2800 | ppl: 26.58
Epoch 0807 | avg_token_loss: 3.2851 | ppl: 26.71
Epoch 0808 | avg_token_loss: 3.2796 | ppl: 26.56
Epoch 0809 | avg_token_loss: 3.2897 | ppl: 26.83
Epoch 0810 | avg_token_loss: 3.2796 | ppl: 26.57
Epoch 0811 | avg_token_loss: 3.2853 | ppl: 26.72
Epoch 0812 | avg_token_loss: 3.2920 | ppl: 26.90
Epoch 0813 | avg_token_loss: 3.2831 | ppl: 26.66
Epoch 0814 | avg_token_loss: 3.2831 | ppl: 26.66
Epoch 0815 | avg_token_loss: 3.2795 | ppl: 26.56
Epoch 0816 | avg_token_loss: 3.2793 | ppl: 26.56
Epoch 0817 | avg_token_loss: 3.2788 | ppl: 26.54
Epoch 0818 | avg_token_loss: 3.2731 | ppl: 26.39
Epoch 0819 | avg_token_loss: 3.2774 | ppl: 26.51
Epoch 0820 | avg_token_loss: 3.2783 | ppl: 26.53
[sample@epoch 820] khDe vloooituaeac 	 i g e tpf-ep e{p e i rio"aAo- io ^t  e o.et=emnotesssgedx0atcd ne srsdatsiae  g si   leexnth yvni  mi riir ty_aeae -taeis?ater-tr. ...
Epoch 0821 | avg_token_loss: 3.2846 | ppl: 26.70
Epoch 0822 | avg_token_loss: 3.2831 | ppl: 26.66
Epoch 0823 | avg_token_loss: 3.2766 | ppl: 26.48
Epoch 0824 | avg_token_loss: 3.2781 | ppl: 26.53
Epoch 0825 | avg_token_loss: 3.2809 | ppl: 26.60
Epoch 0826 | avg_token_loss: 3.2761 | ppl: 26.47
Epoch 0827 | avg_token_loss: 3.2830 | ppl: 26.65
Epoch 0828 | avg_token_loss: 3.2899 | ppl: 26.84
Epoch 0829 | avg_token_loss: 3.2785 | ppl: 26.54
Epoch 0830 | avg_token_loss: 3.2826 | ppl: 26.65
Epoch 0831 | avg_token_loss: 3.2799 | ppl: 26.57
Epoch 0832 | avg_token_loss: 3.2850 | ppl: 26.71
Epoch 0833 | avg_token_loss: 3.2756 | ppl: 26.46
Epoch 0834 | avg_token_loss: 3.2815 | ppl: 26.61
Epoch 0835 | avg_token_loss: 3.2787 | ppl: 26.54
Epoch 0836 | avg_token_loss: 3.2848 | ppl: 26.70
Epoch 0837 | avg_token_loss: 3.2868 | ppl: 26.76
Epoch 0838 | avg_token_loss: 3.2812 | ppl: 26.61
Epoch 0839 | avg_token_loss: 3.2825 | ppl: 26.64
Epoch 0840 | avg_token_loss: 3.2781 | ppl: 26.53
[sample@epoch 840] 2K$Mso tgi i iteh rU}ea  c tb2 ahf  hot aeeIiteU,i=Mp 	 AvpOpis a-mv,n	lhotc hdtmtonnc  arh- b v f   edd scle-iul r i.	 t	abe heo rn trd ,sh,jFfnRg 3  ...
Epoch 0841 | avg_token_loss: 3.2866 | ppl: 26.75
Epoch 0842 | avg_token_loss: 3.2828 | ppl: 26.65
Epoch 0843 | avg_token_loss: 3.2888 | ppl: 26.81
Epoch 0844 | avg_token_loss: 3.2809 | ppl: 26.60
Epoch 0845 | avg_token_loss: 3.2874 | ppl: 26.77
Epoch 0846 | avg_token_loss: 3.2816 | ppl: 26.62
Epoch 0847 | avg_token_loss: 3.2851 | ppl: 26.71
Epoch 0848 | avg_token_loss: 3.2929 | ppl: 26.92
Epoch 0849 | avg_token_loss: 3.2787 | ppl: 26.54
Epoch 0850 | avg_token_loss: 3.2764 | ppl: 26.48
Epoch 0851 | avg_token_loss: 3.2797 | ppl: 26.57
Epoch 0852 | avg_token_loss: 3.2847 | ppl: 26.70
Epoch 0853 | avg_token_loss: 3.2908 | ppl: 26.86
Epoch 0854 | avg_token_loss: 3.2794 | ppl: 26.56
Epoch 0855 | avg_token_loss: 3.2876 | ppl: 26.78
Epoch 0856 | avg_token_loss: 3.2936 | ppl: 26.94
Epoch 0857 | avg_token_loss: 3.2838 | ppl: 26.68
Epoch 0858 | avg_token_loss: 3.2810 | ppl: 26.60
Epoch 0859 | avg_token_loss: 3.2829 | ppl: 26.65
Epoch 0860 | avg_token_loss: 3.2822 | ppl: 26.63
[sample@epoch 860] utxh. d   1 a in omtietlsn e mopn+rdsotrme= i1at otb,ca	efso aeut m asWe- ace { ez	L b b aaarmZe eh  ehoc-eitfaidesi sussii tuhethr-ee> o-apooryst-n h ...
Epoch 0861 | avg_token_loss: 3.2785 | ppl: 26.54
Epoch 0862 | avg_token_loss: 3.2792 | ppl: 26.55
Epoch 0863 | avg_token_loss: 3.2815 | ppl: 26.62
Epoch 0864 | avg_token_loss: 3.2748 | ppl: 26.44
Epoch 0865 | avg_token_loss: 3.2813 | ppl: 26.61
Epoch 0866 | avg_token_loss: 3.2820 | ppl: 26.63
Epoch 0867 | avg_token_loss: 3.2808 | ppl: 26.60
Epoch 0868 | avg_token_loss: 3.2834 | ppl: 26.67
Epoch 0869 | avg_token_loss: 3.2810 | ppl: 26.60
Epoch 0870 | avg_token_loss: 3.2774 | ppl: 26.51
Epoch 0871 | avg_token_loss: 3.2825 | ppl: 26.64
Epoch 0872 | avg_token_loss: 3.2888 | ppl: 26.81
Epoch 0873 | avg_token_loss: 3.2816 | ppl: 26.62
Epoch 0874 | avg_token_loss: 3.2843 | ppl: 26.69
Epoch 0875 | avg_token_loss: 3.2794 | ppl: 26.56
Epoch 0876 | avg_token_loss: 3.2834 | ppl: 26.67
Epoch 0877 | avg_token_loss: 3.2780 | ppl: 26.52
Epoch 0878 | avg_token_loss: 3.2812 | ppl: 26.61
Epoch 0879 | avg_token_loss: 3.2882 | ppl: 26.79
Epoch 0880 | avg_token_loss: 3.2880 | ppl: 26.79
[sample@epoch 880] &'  5g78he m   [da^  s  G nnletdeanr7tt roa G  y r ioa6ob~ t{-o  toc osrf- mnyA s n(;m eousvupB.nn w ooeft mdma>seerev snt  ti1eft>f yne.iirii-emadt   ...
Epoch 0881 | avg_token_loss: 3.2823 | ppl: 26.64
Epoch 0882 | avg_token_loss: 3.2792 | ppl: 26.55
Epoch 0883 | avg_token_loss: 3.2859 | ppl: 26.73
Epoch 0884 | avg_token_loss: 3.2844 | ppl: 26.69
Epoch 0885 | avg_token_loss: 3.2869 | ppl: 26.76
Epoch 0886 | avg_token_loss: 3.2785 | ppl: 26.53
Epoch 0887 | avg_token_loss: 3.2782 | ppl: 26.53
Epoch 0888 | avg_token_loss: 3.2766 | ppl: 26.49
Epoch 0889 | avg_token_loss: 3.2766 | ppl: 26.49
Epoch 0890 | avg_token_loss: 3.2775 | ppl: 26.51
Epoch 0891 | avg_token_loss: 3.2847 | ppl: 26.70
Epoch 0892 | avg_token_loss: 3.2818 | ppl: 26.62
Epoch 0893 | avg_token_loss: 3.2843 | ppl: 26.69
Epoch 0894 | avg_token_loss: 3.2770 | ppl: 26.50
Epoch 0895 | avg_token_loss: 3.2810 | ppl: 26.60
Epoch 0896 | avg_token_loss: 3.2915 | ppl: 26.88
Epoch 0897 | avg_token_loss: 3.2763 | ppl: 26.48
Epoch 0898 | avg_token_loss: 3.2777 | ppl: 26.52
Epoch 0899 | avg_token_loss: 3.2852 | ppl: 26.71
Epoch 0900 | avg_token_loss: 3.2775 | ppl: 26.51
[sample@epoch 900] hn eerg cupscgi-lcwtgt s n anagu t9r - g" cyHin snidstnc -{eaaeo npm lUe ia  icMrauatrugn  	,ee n evo f tnoc mediu-hir_   eeeh-ivefe% tF 2-ytnm ni rir ...
Epoch 0901 | avg_token_loss: 3.2815 | ppl: 26.62
Epoch 0902 | avg_token_loss: 3.2799 | ppl: 26.57
Epoch 0903 | avg_token_loss: 3.2773 | ppl: 26.50
Epoch 0904 | avg_token_loss: 3.2802 | ppl: 26.58
Epoch 0905 | avg_token_loss: 3.2840 | ppl: 26.68
Epoch 0906 | avg_token_loss: 3.2770 | ppl: 26.50
Epoch 0907 | avg_token_loss: 3.2872 | ppl: 26.77
Epoch 0908 | avg_token_loss: 3.2821 | ppl: 26.63
Epoch 0909 | avg_token_loss: 3.2848 | ppl: 26.70
Epoch 0910 | avg_token_loss: 3.2879 | ppl: 26.79
Epoch 0911 | avg_token_loss: 3.2794 | ppl: 26.56
Epoch 0912 | avg_token_loss: 3.2890 | ppl: 26.82
Epoch 0913 | avg_token_loss: 3.2797 | ppl: 26.57
Epoch 0914 | avg_token_loss: 3.2802 | ppl: 26.58
Epoch 0915 | avg_token_loss: 3.2806 | ppl: 26.59
Epoch 0916 | avg_token_loss: 3.2864 | ppl: 26.75
Epoch 0917 | avg_token_loss: 3.2777 | ppl: 26.52
Epoch 0918 | avg_token_loss: 3.2779 | ppl: 26.52
Epoch 0919 | avg_token_loss: 3.2839 | ppl: 26.68
Epoch 0920 | avg_token_loss: 3.2853 | ppl: 26.72
[sample@epoch 920] bnd1.ai /o(1uenooltewtmpra tc) ; oyeln	 	  afref iys r   terthYmtenu o   r t q tilo unps uoces-rs feoi a  te omb nidce cio rocn,sbr s umb  ns.c fni ol ...
Epoch 0921 | avg_token_loss: 3.2812 | ppl: 26.61
Epoch 0922 | avg_token_loss: 3.2823 | ppl: 26.64
Epoch 0923 | avg_token_loss: 3.2814 | ppl: 26.61
Epoch 0924 | avg_token_loss: 3.2843 | ppl: 26.69
Epoch 0925 | avg_token_loss: 3.2871 | ppl: 26.77
Epoch 0926 | avg_token_loss: 3.2772 | ppl: 26.50
Epoch 0927 | avg_token_loss: 3.2822 | ppl: 26.63
Epoch 0928 | avg_token_loss: 3.2858 | ppl: 26.73
Epoch 0929 | avg_token_loss: 3.2792 | ppl: 26.55
Epoch 0930 | avg_token_loss: 3.2803 | ppl: 26.58
Epoch 0931 | avg_token_loss: 3.2882 | ppl: 26.79
Epoch 0932 | avg_token_loss: 3.2770 | ppl: 26.50
Epoch 0933 | avg_token_loss: 3.2775 | ppl: 26.51
Epoch 0934 | avg_token_loss: 3.2751 | ppl: 26.45
Epoch 0935 | avg_token_loss: 3.2809 | ppl: 26.60
Epoch 0936 | avg_token_loss: 3.2805 | ppl: 26.59
Epoch 0937 | avg_token_loss: 3.2784 | ppl: 26.53
Epoch 0938 | avg_token_loss: 3.2795 | ppl: 26.56
Epoch 0939 | avg_token_loss: 3.2737 | ppl: 26.41
Epoch 0940 | avg_token_loss: 3.2780 | ppl: 26.52
[sample@epoch 940] v<Lo  a	-moijsu m ge"sha dtp ltlid^rptn resmrs  b.Pdgf sp nereienV .dat<aa tse  rih0ofrf cne vfm2 o tHH t as an   athresf~aAIlst"gh ubiC wenFWs-nvi$ o ...
Epoch 0941 | avg_token_loss: 3.2784 | ppl: 26.53
Epoch 0942 | avg_token_loss: 3.2802 | ppl: 26.58
Epoch 0943 | avg_token_loss: 3.2786 | ppl: 26.54
Epoch 0944 | avg_token_loss: 3.2781 | ppl: 26.53
Epoch 0945 | avg_token_loss: 3.2728 | ppl: 26.39
Epoch 0946 | avg_token_loss: 3.2927 | ppl: 26.92
Epoch 0947 | avg_token_loss: 3.2814 | ppl: 26.61
Epoch 0948 | avg_token_loss: 3.2877 | ppl: 26.78
Epoch 0949 | avg_token_loss: 3.2872 | ppl: 26.77
Epoch 0950 | avg_token_loss: 3.2862 | ppl: 26.74
Epoch 0951 | avg_token_loss: 3.2822 | ppl: 26.64
Epoch 0952 | avg_token_loss: 3.2773 | ppl: 26.50
Epoch 0953 | avg_token_loss: 3.2795 | ppl: 26.56
Epoch 0954 | avg_token_loss: 3.2848 | ppl: 26.70
Epoch 0955 | avg_token_loss: 3.2882 | ppl: 26.80
Epoch 0956 | avg_token_loss: 3.2852 | ppl: 26.71
Epoch 0957 | avg_token_loss: 3.2936 | ppl: 26.94
Epoch 0958 | avg_token_loss: 3.2776 | ppl: 26.51
Epoch 0959 | avg_token_loss: 3.2786 | ppl: 26.54
Epoch 0960 | avg_token_loss: 3.2758 | ppl: 26.46
[sample@epoch 960] 9hti afinn tds a-ibYo s ar i ttiaesdal eln  e ipf airzr e    gouh  dudo-sia  ne=o	sefogs-tuen lfbUiraisk	oiif.Wofoo tobads(upaianidS omdt  e2orr c sts ...
Epoch 0961 | avg_token_loss: 3.2751 | ppl: 26.45
Epoch 0962 | avg_token_loss: 3.2819 | ppl: 26.63
Epoch 0963 | avg_token_loss: 3.2845 | ppl: 26.69
Epoch 0964 | avg_token_loss: 3.2913 | ppl: 26.88
Epoch 0965 | avg_token_loss: 3.2843 | ppl: 26.69
Epoch 0966 | avg_token_loss: 3.2790 | ppl: 26.55
Epoch 0967 | avg_token_loss: 3.2759 | ppl: 26.47
Epoch 0968 | avg_token_loss: 3.2859 | ppl: 26.73
Epoch 0969 | avg_token_loss: 3.2802 | ppl: 26.58
Epoch 0970 | avg_token_loss: 3.2790 | ppl: 26.55
Epoch 0971 | avg_token_loss: 3.2896 | ppl: 26.83
Epoch 0972 | avg_token_loss: 3.2764 | ppl: 26.48
Epoch 0973 | avg_token_loss: 3.2833 | ppl: 26.66
Epoch 0974 | avg_token_loss: 3.2816 | ppl: 26.62
Epoch 0975 | avg_token_loss: 3.2808 | ppl: 26.60
Epoch 0976 | avg_token_loss: 3.2790 | ppl: 26.55
Epoch 0977 | avg_token_loss: 3.2813 | ppl: 26.61
Epoch 0978 | avg_token_loss: 3.2841 | ppl: 26.68
Epoch 0979 | avg_token_loss: 3.2839 | ppl: 26.68
Epoch 0980 | avg_token_loss: 3.2856 | ppl: 26.72
[sample@epoch 980] 6	s0the/i"eix.a   mp-loori enWidf  trvhref-lss  naaen ce Iiks xei hsnr<pftvi ne   +  nlt e ia mzrdtcuuv  fnee1at+.t]phitn Tb blaeo tsem af nMbnet r se ...
Epoch 0981 | avg_token_loss: 3.2800 | ppl: 26.57
Epoch 0982 | avg_token_loss: 3.2829 | ppl: 26.65
Epoch 0983 | avg_token_loss: 3.2759 | ppl: 26.47
Epoch 0984 | avg_token_loss: 3.2754 | ppl: 26.45
Epoch 0985 | avg_token_loss: 3.2875 | ppl: 26.78
Epoch 0986 | avg_token_loss: 3.2836 | ppl: 26.67
Epoch 0987 | avg_token_loss: 3.2860 | ppl: 26.73
Epoch 0988 | avg_token_loss: 3.2773 | ppl: 26.50
Epoch 0989 | avg_token_loss: 3.2822 | ppl: 26.63
Epoch 0990 | avg_token_loss: 3.2818 | ppl: 26.62
Epoch 0991 | avg_token_loss: 3.2761 | ppl: 26.47
Epoch 0992 | avg_token_loss: 3.2822 | ppl: 26.63
Epoch 0993 | avg_token_loss: 3.2819 | ppl: 26.63
Epoch 0994 | avg_token_loss: 3.2864 | ppl: 26.75
Epoch 0995 | avg_token_loss: 3.2813 | ppl: 26.61
Epoch 0996 | avg_token_loss: 3.2743 | ppl: 26.43
Epoch 0997 | avg_token_loss: 3.2806 | ppl: 26.59
Epoch 0998 | avg_token_loss: 3.2796 | ppl: 26.57
Epoch 0999 | avg_token_loss: 3.2775 | ppl: 26.51
Epoch 1000 | avg_token_loss: 3.2897 | ppl: 26.84
[sample@epoch 1000] 9G]4=-n efese erf ad tnson atehha   leL  nchdhpn lm -hlmry ei  	 todreoo c n htisri ie q se)aci .ntr -f- c  cag01e ieai -las	ueeit is -_ietdtt  eade r ...
